<?xml version="1.0" encoding="UTF-8" ?>
<testsuite tests="33" failures="0" name="demo.fraction.FractionTest" time="0.021" errors="0" skipped="0">
  <properties>
[...]
</properties>
  <testcase classname="demo.fraction.FractionTest" name="[0] 6, 7, 4, 9, 82, 63, ADD,  (test)" time="0.009"/>
  <testcase classname="demo.fraction.FractionTest" name="[1] 6, 7, 0, 0, 6, 7, ADD, Denominator cannot be Zero (test)" time="0"/>
  <testcase classname="demo.fraction.FractionTest" name="[2] 6, 7, 0, 9, 6, 7, ADD, Denominator cannot be Zero (test)" time="0.001"/>
  <testcase classname="demo.fraction.FractionTest" name="[3] 6, 7, -4, 9, 26, 63, ADD,  (test)" time="0"/>
  <testcase classname="demo.fraction.FractionTest" name="[4] 6, 7, 4, -9, 26, 63, ADD,  (test)" time="0"/>
  <testcase classname="demo.fraction.FractionTest" name="[5] 6, 7, -4, -9, 82, 63, ADD,  (test)" time="0.008"/>
  <testcase classname="demo.fraction.FractionTest" name="[6] 2147483647, 1, 2, 1, 0, 0, ADD, Integer value overflow (test)" time="0"/>
  <testcase classname="demo.fraction.FractionTest" name="[7] 6, 7, 4, 9, 26, 63, SUBTRACT,  (test)" time="0"/>
  <testcase classname="demo.fraction.FractionTest" name="[8] 0, 0, 4, 9, -4, 9, SUBTRACT,  (test)" time="0"/>
  <testcase classname="demo.fraction.FractionTest" name="[9] 0, 7, 4, 9, -4, 9, SUBTRACT,  (test)" time="0"/>
  <testcase classname="demo.fraction.FractionTest" name="[10] -6, 7, 4, 9, -82, 63, SUBTRACT,  (test)" time="0"/>
  <testcase classname="demo.fraction.FractionTest" name="[11] 6, -7, 4, 9, -82, 63, SUBTRACT,  (test)" time="0"/>
  <testcase classname="demo.fraction.FractionTest" name="[12] 6, 7, 4, 9, 8, 21, MULTIPLY,  (test)" time="0"/>
  <testcase classname="demo.fraction.FractionTest" name="[13] 6, 7, 0, 0, 0, 0, MULTIPLY,  (test)" time="0"/>
  <testcase classname="demo.fraction.FractionTest" name="[14] 6, 7, 0, 9, 0, 0, MULTIPLY,  (test)" time="0"/>
  <testcase classname="demo.fraction.FractionTest" name="[15] 6, 7, -4, 9, -8, 21, MULTIPLY,  (test)" time="0"/>
  <testcase classname="demo.fraction.FractionTest" name="[16] 6, 7, 4, -9, -8, 21, MULTIPLY,  (test)" time="0"/>
  <testcase classname="demo.fraction.FractionTest" name="[17] 6, 7, -4, -9, 8, 21, MULTIPLY,  (test)" time="0.003"/>
  <testcase classname="demo.fraction.FractionTest" name="[18] 6, 7, 2147483647, -9, 0, 0, MULTIPLY, Integer value overflow (test)" time="0"/>
  <testcase classname="demo.fraction.FractionTest" name="[19] 6, 7, 4, 9, 27, 14, DIVIDE,  (test)" time="0"/>
  <testcase classname="demo.fraction.FractionTest" name="[20] 6, 7, 0, 0, 0, 0, DIVIDE, Denominator cannot be Zero (test)" time="0"/>
  <testcase classname="demo.fraction.FractionTest" name="[21] 6, 7, 0, 9, 0, 0, DIVIDE, Denominator cannot be Zero (test)" time="0"/>
  <testcase classname="demo.fraction.FractionTest" name="[22] 6, 7, -4, 9, -27, 14, DIVIDE,  (test)" time="0"/>
  <testcase classname="demo.fraction.FractionTest" name="[23] 6, 7, 4, -9, -27, 14, DIVIDE,  (test)" time="0"/>
  <testcase classname="demo.fraction.FractionTest" name="[24] 6, 7, -4, -9, 27, 14, DIVIDE,  (test)" time="0"/>
  <testcase classname="demo.fraction.FractionTest" name="[0] 1, 3, 2, 3, true, LESSTHAN (test2)" time="0"/>
  <testcase classname="demo.fraction.FractionTest" name="[1] 2, 3, 1, 3, false, LESSTHAN (test2)" time="0"/>
  <testcase classname="demo.fraction.FractionTest" name="[2] 1, 3, 2, 3, true, GREATERTHAN (test2)" time="0"/>
  <testcase classname="demo.fraction.FractionTest" name="[3] 2, 3, 1, 3, false, GREATERTHAN (test2)" time="0"/>
  <testcase classname="demo.fraction.FractionTest" name="[4] 1, 3, 1, 3, true, EQUAL (test2)" time="0"/>
  <testcase classname="demo.fraction.FractionTest" name="[5] 2, 3, 1, 3, false, EQUAL (test2)" time="0"/>
  <testcase classname="demo.fraction.FractionTest" name="[6] 1, 3, 2, 3, true, NOTEQUAL (test2)" time="0"/>
  <testcase classname="demo.fraction.FractionTest" name="[7] 1, 3, 1, 3, false, NOTEQUAL (test2)" time="0"/>
</testsuite>